<?xml version="1.0" encoding="UTF-8"?>
<robot generator="Robot 4.1.1 (Python 3.9.7 on win32)" generated="20211116 10:21:07.061" rpa="false" schemaversion="2">
<suite id="s1" name="26 ArgumentosKeywords" source="C:\Projetos\SuiteSiteTestePractice\tests\26_ArgumentosKeywords.robot">
<test id="s1-t1" name="Caso de teste Tarefa 04 praticando Keywords com argumentos: Email customizado">
<kw name="Customizar qualquer email" library="Resource_26_ArgumentosKeywords">
<kw name="Uma subkeyword com argumentos sobre a tarefa4" library="Resource_26_ArgumentosKeywords">
<arg>${PESSOA.nome}</arg>
<arg>${PESSOA.sobrenome}</arg>
<arg>${PESSOA.string}</arg>
<arg>${PESSOA.emailpadrao}</arg>
<kw name="Log" library="BuiltIn">
<arg>Email Cutomizado :${NOME_USUARIO}${SOBRENOME_USUARIO}${STRING_USUARIO}${EMAIL_PADRAO}</arg>
<doc>Logs the given message with the given level.</doc>
<msg timestamp="20211116 10:21:07.086" level="INFO">Email Cutomizado :MayFernadndes2021@testerobot.com</msg>
<status status="PASS" starttime="20211116 10:21:07.085" endtime="20211116 10:21:07.086"/>
</kw>
<status status="PASS" starttime="20211116 10:21:07.084" endtime="20211116 10:21:07.086"/>
</kw>
<kw name="Log" library="BuiltIn">
<arg>Email Padrão:</arg>
<doc>Logs the given message with the given level.</doc>
<msg timestamp="20211116 10:21:07.086" level="INFO">Email Padrão:</msg>
<status status="PASS" starttime="20211116 10:21:07.086" endtime="20211116 10:21:07.086"/>
</kw>
<status status="PASS" starttime="20211116 10:21:07.083" endtime="20211116 10:21:07.086"/>
</kw>
<status status="PASS" starttime="20211116 10:21:07.083" endtime="20211116 10:21:07.087"/>
</test>
<doc>Exempplo de usoa de vriaveis como argumentos em keywords</doc>
<status status="PASS" starttime="20211116 10:21:07.063" endtime="20211116 10:21:07.089"/>
</suite>
<statistics>
<total>
<stat pass="1" fail="0" skip="0">All Tests</stat>
</total>
<tag>
</tag>
<suite>
<stat pass="1" fail="0" skip="0" id="s1" name="26 ArgumentosKeywords">26 ArgumentosKeywords</stat>
</suite>
</statistics>
<errors>
</errors>
</robot>
